[www.11-76.com/themes/dinex/02-DARK-MODE/index-01.html]
[backblue.gif]
[fade.gif]
[index.html]
[www.11-76.com/themes/dinex/02-DARK-MODE/img/logo-light.png]
[www.11-76.com/themes/dinex/02-DARK-MODE/img/logo-dark.png]
[www.11-76.com/themes/dinex/02-DARK-MODE/img/about/1.jpg]
[www.11-76.com/themes/dinex/02-DARK-MODE/img/about/2.jpg]
[www.11-76.com/themes/dinex/02-DARK-MODE/img/about/team/1.jpg]
[www.11-76.com/themes/dinex/02-DARK-MODE/img/about/team/2.jpg]
[www.11-76.com/themes/dinex/02-DARK-MODE/img/about/team/3.jpg]
[www.11-76.com/themes/dinex/02-DARK-MODE/img/about/team/4.jpg]
[www.11-76.com/themes/dinex/02-DARK-MODE/img/about/team/5.jpg]
[www.11-76.com/themes/dinex/02-DARK-MODE/img/menu/1.jpg]
[www.11-76.com/themes/dinex/02-DARK-MODE/img/menu/2.jpg]
[www.11-76.com/themes/dinex/02-DARK-MODE/img/menu/3.jpg]
[www.11-76.com/themes/dinex/02-DARK-MODE/img/menu/4.jpg]
[www.11-76.com/themes/dinex/02-DARK-MODE/img/menu/5.jpg]
[www.11-76.com/themes/dinex/02-DARK-MODE/img/menu/6.jpg]
[www.11-76.com/themes/dinex/02-DARK-MODE/img/menu/7.jpg]
[www.11-76.com/themes/dinex/02-DARK-MODE/img/menu/8.jpg]
[www.11-76.com/themes/dinex/02-DARK-MODE/img/menu/9.jpg]
[www.11-76.com/themes/dinex/02-DARK-MODE/img/menu/10.jpg]
[www.11-76.com/themes/dinex/02-DARK-MODE/img/menu/11.jpg]
[www.11-76.com/themes/dinex/02-DARK-MODE/img/menu/12.jpg]
[www.11-76.com/themes/dinex/02-DARK-MODE/photoswipe/photos/large/1.jpg]
[www.11-76.com/themes/dinex/02-DARK-MODE/photoswipe/photos/small/1.jpg]
[www.11-76.com/themes/dinex/02-DARK-MODE/photoswipe/photos/large/2.jpg]
[www.11-76.com/themes/dinex/02-DARK-MODE/photoswipe/photos/small/2.jpg]
[www.11-76.com/themes/dinex/02-DARK-MODE/photoswipe/photos/large/3.jpg]
[www.11-76.com/themes/dinex/02-DARK-MODE/photoswipe/photos/small/3.jpg]
[www.11-76.com/themes/dinex/02-DARK-MODE/photoswipe/photos/large/4.jpg]
[www.11-76.com/themes/dinex/02-DARK-MODE/photoswipe/photos/small/4.jpg]
[www.11-76.com/themes/dinex/02-DARK-MODE/photoswipe/photos/large/5.jpg]
[www.11-76.com/themes/dinex/02-DARK-MODE/photoswipe/photos/small/5.jpg]
[www.11-76.com/themes/dinex/02-DARK-MODE/photoswipe/photos/large/6.jpg]
[www.11-76.com/themes/dinex/02-DARK-MODE/photoswipe/photos/small/6.jpg]
[www.11-76.com/themes/dinex/02-DARK-MODE/img/inside/1.jpg]
[www.11-76.com/themes/dinex/02-DARK-MODE/img/inside/2.jpg]
[www.11-76.com/themes/dinex/02-DARK-MODE/img/inside/3.jpg]
[www.11-76.com/themes/dinex/02-DARK-MODE/img/inside/4.jpg]
[www.11-76.com/themes/dinex/02-DARK-MODE/img/inside/5.jpg]
[www.11-76.com/themes/dinex/02-DARK-MODE/blog.html]
[www.11-76.com/themes/dinex/02-DARK-MODE/img/blog/gallery-1/1.jpg]
[www.11-76.com/themes/dinex/02-DARK-MODE/img/blog/gallery-1/2.jpg]
[www.11-76.com/themes/dinex/02-DARK-MODE/img/blog/gallery-1/3.jpg]
[www.11-76.com/themes/dinex/02-DARK-MODE/img/blog/gallery-1/4.jpg]
[www.11-76.com/themes/dinex/02-DARK-MODE/img/blog/gallery-2/1.jpg]
[www.11-76.com/themes/dinex/02-DARK-MODE/img/blog/gallery-2/2.jpg]
[www.11-76.com/themes/dinex/02-DARK-MODE/img/blog/gallery-2/3.jpg]
[www.11-76.com/themes/dinex/02-DARK-MODE/img/blog/gallery-2/4.jpg]
[www.11-76.com/themes/dinex/02-DARK-MODE/img/blog/gallery-3/1.jpg]
[www.11-76.com/themes/dinex/02-DARK-MODE/img/blog/gallery-3/2.jpg]
[www.11-76.com/themes/dinex/02-DARK-MODE/img/blog/gallery-3/3.jpg]
[www.11-76.com/themes/dinex/02-DARK-MODE/img/blog/gallery-3/4.jpg]
[www.11-76.com/themes/dinex/02-DARK-MODE/img/blog/gallery-4/1.jpg]
[www.11-76.com/themes/dinex/02-DARK-MODE/img/blog/gallery-4/2.jpg]
[www.11-76.com/themes/dinex/02-DARK-MODE/img/blog/gallery-4/3.jpg]
[www.11-76.com/themes/dinex/02-DARK-MODE/img/blog/gallery-4/4.jpg]
[www.11-76.com/themes/dinex/02-DARK-MODE/img/logo-footer.png]
[www.11-76.com/themes/dinex/02-DARK-MODE/js/plugins.js]
[www.11-76.com/themes/dinex/02-DARK-MODE/js/dinex.js]
[www.11-76.com/themes/dinex/02-DARK-MODE/index-01.html]
[www.11-76.com/themes/dinex/02-DARK-MODE/fonts/glyphicons-halflings-regular.eot]
[www.11-76.com/themes/dinex/02-DARK-MODE/fonts/glyphicons-halflings-regulard41d.eot]
[www.11-76.com/themes/dinex/02-DARK-MODE/fonts/glyphicons-halflings-regular.woff2]
[www.11-76.com/themes/dinex/02-DARK-MODE/fonts/glyphicons-halflings-regular.woff]
[www.11-76.com/themes/dinex/02-DARK-MODE/fonts/glyphicons-halflings-regular.ttf]
[www.11-76.com/themes/dinex/02-DARK-MODE/css/fonts/slickd41d.eot]
[www.11-76.com/themes/dinex/02-DARK-MODE/css/fonts/slick.woff]
[www.11-76.com/themes/dinex/02-DARK-MODE/css/fonts/slick.ttf]
[www.11-76.com/themes/dinex/02-DARK-MODE/fonts/ionicons28b5.eot]
[www.11-76.com/themes/dinex/02-DARK-MODE/fonts/ionicons28b5.ttf]
[www.11-76.com/themes/dinex/02-DARK-MODE/fonts/ionicons28b5.woff]
[www.11-76.com/themes/dinex/02-DARK-MODE/photoswipe/default-skin/preloader.gif]
[www.11-76.com/themes/dinex/02-DARK-MODE/css/owl.video.play.png]
[www.11-76.com/themes/dinex/02-DARK-MODE/css/images/ui-icons_444444_256x240.png]
[www.11-76.com/themes/dinex/02-DARK-MODE/css/images/ui-icons_555555_256x240.png]
[www.11-76.com/themes/dinex/02-DARK-MODE/css/images/ui-icons_ffffff_256x240.png]
[www.11-76.com/themes/dinex/02-DARK-MODE/css/images/ui-icons_777620_256x240.png]
[www.11-76.com/themes/dinex/02-DARK-MODE/css/images/ui-icons_cc0000_256x240.png]
[www.11-76.com/themes/dinex/02-DARK-MODE/css/images/ui-icons_777777_256x240.png]
[www.11-76.com/themes/dinex/02-DARK-MODE/css/plugins.css]
[www.11-76.com/themes/dinex/02-DARK-MODE/img/background/hero-bg-1.jpg]
[www.11-76.com/themes/dinex/02-DARK-MODE/img/background/hero-bg-2.jpg]
[www.11-76.com/themes/dinex/02-DARK-MODE/img/background/hero-bg-3.jpg]
[www.11-76.com/themes/dinex/02-DARK-MODE/img/background/hero-bg-4.jpg]
[www.11-76.com/themes/dinex/02-DARK-MODE/img/background/hero-bg-5.jpg]
[www.11-76.com/themes/dinex/02-DARK-MODE/img/background/hero-bg-6.jpg]
[www.11-76.com/themes/dinex/02-DARK-MODE/img/background/hero-bg-7.jpg]
[www.11-76.com/themes/dinex/02-DARK-MODE/img/background/hero-bg-8.jpg]
[www.11-76.com/themes/dinex/02-DARK-MODE/img/background/parallax-contact.jpg]
[www.11-76.com/themes/dinex/02-DARK-MODE/img/background/parallax-blank.jpg]
[www.11-76.com/themes/dinex/02-DARK-MODE/img/services/benefits/1.jpg]
[www.11-76.com/themes/dinex/02-DARK-MODE/img/services/benefits/2.jpg]
[www.11-76.com/themes/dinex/02-DARK-MODE/img/services/offers/1.jpg]
[www.11-76.com/themes/dinex/02-DARK-MODE/img/services/offers/2.jpg]
[www.11-76.com/themes/dinex/02-DARK-MODE/img/news/1.jpg]
[www.11-76.com/themes/dinex/02-DARK-MODE/img/news/2.jpg]
[www.11-76.com/themes/dinex/02-DARK-MODE/img/news/3.jpg]
[www.11-76.com/themes/dinex/02-DARK-MODE/img/news/4.jpg]
[www.11-76.com/themes/dinex/02-DARK-MODE/photoswipe/default-skin/default-skin.png]
[www.11-76.com/themes/dinex/02-DARK-MODE/css/style.css]
[www.11-76.com/themes/dinex/02-DARK-MODE/blog-01.html]
[www.11-76.com/themes/dinex/02-DARK-MODE/blog-02.html]
[www.11-76.com/themes/dinex/02-DARK-MODE/blog-03.html]
[www.11-76.com/themes/dinex/02-DARK-MODE/blog-04.html]
[www.11-76.com/themes/dinex/02-DARK-MODE/blog.html]
[www.11-76.com/themes/dinex/02-DARK-MODE/fonts/glyphicons-halflings-regular.html]
[www.11-76.com/themes/dinex/02-DARK-MODE/fonts/glyphicons-halflings-regulard41d.html]
[www.11-76.com/themes/dinex/02-DARK-MODE/fonts/glyphicons-halflings-regular-2.html]
[www.11-76.com/themes/dinex/02-DARK-MODE/fonts/glyphicons-halflings-regular-3.html]
[www.11-76.com/themes/dinex/02-DARK-MODE/fonts/glyphicons-halflings-regular-4.html]
[www.11-76.com/themes/dinex/02-DARK-MODE/css/fonts/slick.svg]
[www.11-76.com/themes/dinex/02-DARK-MODE/fonts/ionicons28b5.svg]
[www.11-76.com/themes/dinex/02-DARK-MODE/css/owl.video.play.html]
[www.11-76.com/themes/dinex/02-DARK-MODE/css/images/ui-icons_444444_256x240.html]
[www.11-76.com/themes/dinex/02-DARK-MODE/css/images/ui-icons_555555_256x240.html]
[www.11-76.com/themes/dinex/02-DARK-MODE/css/images/ui-icons_ffffff_256x240.html]
[www.11-76.com/themes/dinex/02-DARK-MODE/css/images/ui-icons_777620_256x240.html]
[www.11-76.com/themes/dinex/02-DARK-MODE/css/images/ui-icons_cc0000_256x240.html]
[www.11-76.com/themes/dinex/02-DARK-MODE/css/images/ui-icons_777777_256x240.html]
[www.11-76.com/themes/dinex/02-DARK-MODE/fonts/glyphicons-halflings-regular.svg]
[www.11-76.com/themes/dinex/02-DARK-MODE/css/fonts/slick.eot]
[www.11-76.com/themes/dinex/02-DARK-MODE/img/blog/blog-comment/profile-photo-1.jpg]
[www.11-76.com/themes/dinex/02-DARK-MODE/img/blog/blog-comment/profile-photo-2.jpg]
[www.11-76.com/themes/dinex/02-DARK-MODE/blog-01.html]
[www.11-76.com/themes/dinex/02-DARK-MODE/blog-02.html]
[www.11-76.com/themes/dinex/02-DARK-MODE/blog-03.html]
[www.11-76.com/themes/dinex/02-DARK-MODE/blog-04.html]
[www.11-76.com/themes/dinex/02-DARK-MODE/fonts/glyphicons-halflings-regular.svg]
